2026-03-13T14:10:08.779Z [console][error] updating from  122 to  121
2026-03-13T14:10:08.779Z [console][error] Your .splinecode file is more recent than the library. Please upgrade @splinetool/runtime to the latest version.
2026-03-13T14:10:08.779Z [console][error] updating from  122 to  121
2026-03-13T14:10:08.779Z [console][error] Your .splinecode file is more recent than the library. Please upgrade @splinetool/runtime to the latest version.
2026-03-13T14:10:52.618Z [console][error] WARNING: Multiple instances of Three.js being imported.
2026-04-02T19:19:44.805Z [console][warn] [Fast Refresh] done in 62ms
2026-04-02T19:20:00.153Z [console][warn] [Fast Refresh] rebuilding
2026-04-02T19:20:00.154Z [console][error] [Fast Refresh] performing full reload because your application had an unrecoverable error
2026-04-02T19:20:00.181Z [console][warn] [Fast Refresh] done in 53ms
2026-04-02T19:19:44.805Z [console][log] [Fast Refresh] done in 62ms
2026-04-02T19:20:00.153Z [console][log] [Fast Refresh] rebuilding
2026-04-02T19:20:00.154Z [console][warn] [Fast Refresh] performing full reload because your application had an unrecoverable error
2026-04-02T19:20:00.181Z [console][log] [Fast Refresh] done in 53ms
2026-04-02T19:20:00.154Z [console][error] [Fast Refresh] performing full reload because your application had an unrecoverable error
2026-04-02T20:24:22.801Z [console][warn] [Fast Refresh] done in 75ms
2026-04-02T20:24:22.801Z [console][log] [Fast Refresh] done in 75ms
2026-04-03T21:26:07.194Z [console][warn] [Fast Refresh] rebuilding
2026-04-03T21:26:07.220Z [console][warn] [Fast Refresh] done in 85ms
2026-04-03T21:26:14.115Z [console][warn] [Fast Refresh] rebuilding
2026-04-03T21:26:14.157Z [console][warn] [Fast Refresh] done in 121ms
2026-04-03T21:26:07.194Z [console][log] [Fast Refresh] rebuilding
2026-04-03T21:26:07.220Z [console][log] [Fast Refresh] done in 85ms
2026-04-03T21:26:14.114Z [console][log] [Fast Refresh] rebuilding
2026-04-03T21:26:14.157Z [console][log] [Fast Refresh] done in 121ms
2026-04-03T21:58:18.820Z [network][POST 0] /api/chat
  request: {"message":"hey bob i want to connect with ankan","history":[{"role":"assistant","content":"Hey! I’m Bob — Ankan’s personal AI assistant. I can help you explore his projects, skills, experience, and achievements. Feel free to ask me anything!"},{"role":"user","content":"hey bob i want to connect with ankan"},{"role":"assistant","content":"I’m having a temporary connection issue. Please try again in a moment."},{"role":"user","content":"hey"},{"role":"assistant","content":"I can help with project deep-dives, AI/data engineering skills, certifications, recruiter-fit mapping, or direct connect flow. Tell me what you want to evaluate first.","actions":[]}]}
  response: Request failed: signal is aborted without reason
2026-04-03T21:58:37.823Z [network][POST 0] /api/chat
  request: {"message":"hey bob i want to connect with ankan","history":[{"role":"assistant","content":"Hey! I’m Bob — Ankan’s personal AI assistant. I can help you explore his projects, skills, experience, and achievements. Feel free to ask me anything!"},{"role":"user","content":"hey bob i want to connect with ankan"},{"role":"assistant","content":"I’m having a temporary connection issue. Please try again in a moment."},{"role":"user","content":"hey"},{"role":"assistant","content":"I can help with project deep-dives, AI/data engineering skills, certifications, recruiter-fit mapping, or direct connect flow. Tell me what you want to evaluate first.","actions":[]}]}
  response: Request failed: signal is aborted without reason
2026-04-04T07:42:57.039Z [console][warn] [Fast Refresh] rebuilding
2026-04-04T07:42:57.065Z [console][warn] [Fast Refresh] done in 128ms
2026-04-04T07:43:08.127Z [console][warn] [Fast Refresh] rebuilding
2026-04-04T07:43:08.149Z [console][warn] [Fast Refresh] done in 90ms
2026-04-04T07:43:26.355Z [console][warn] [Fast Refresh] rebuilding
2026-04-04T07:43:26.380Z [console][warn] [Fast Refresh] done in 66ms
2026-04-04T07:43:46.438Z [console][warn] [Fast Refresh] rebuilding
2026-04-04T07:43:46.461Z [console][warn] [Fast Refresh] done in 69ms
2026-04-04T07:44:00.044Z [console][warn] [Fast Refresh] rebuilding
2026-04-04T07:44:00.068Z [console][warn] [Fast Refresh] done in 62ms
2026-04-04T07:44:57.088Z [console][warn] [Fast Refresh] rebuilding
2026-04-04T07:44:57.115Z [console][warn] [Fast Refresh] done in 67ms
2026-04-04T07:45:05.082Z [console][warn] [Fast Refresh] rebuilding
2026-04-04T07:45:05.105Z [console][warn] [Fast Refresh] done in 69ms
2026-04-04T07:42:57.039Z [console][log] [Fast Refresh] rebuilding
2026-04-04T07:42:57.065Z [console][log] [Fast Refresh] done in 128ms
2026-04-04T07:43:08.126Z [console][log] [Fast Refresh] rebuilding
2026-04-04T07:43:08.149Z [console][log] [Fast Refresh] done in 90ms
2026-04-04T07:43:26.355Z [console][log] [Fast Refresh] rebuilding
2026-04-04T07:43:26.380Z [console][log] [Fast Refresh] done in 66ms
2026-04-04T07:43:46.438Z [console][log] [Fast Refresh] rebuilding
2026-04-04T07:43:46.461Z [console][log] [Fast Refresh] done in 69ms
2026-04-04T07:44:00.044Z [console][log] [Fast Refresh] rebuilding
2026-04-04T07:44:00.068Z [console][log] [Fast Refresh] done in 62ms
2026-04-04T07:44:57.088Z [console][log] [Fast Refresh] rebuilding
2026-04-04T07:44:57.115Z [console][log] [Fast Refresh] done in 67ms
2026-04-04T07:45:05.082Z [console][log] [Fast Refresh] rebuilding
2026-04-04T07:45:05.105Z [console][log] [Fast Refresh] done in 69ms
2026-04-04T09:59:07.585Z [console][error] TypeError: Failed to fetch
2026-04-04T09:59:07.585Z [console][error] TypeError: Failed to fetch
    at window.fetch (<anonymous>:181:30)
    at l (http://localhost:3000/_next/static/chunks/0ee1e_3d284c20._.js:2031:36)
    at u (http://localhost:3000/_next/static/chunks/0ee1e_3d284c20._.js:2043:91)
    at Object.react_stack_bottom_frame (http://localhost:3000/_next/static/chunks/0ee1e_next_dist_compiled_react-dom_314dee2e._.js:13072:24)
    at renderWithHooksAgain (http://localhost:3000/_next/static/chunks/0ee1e_next_dist_compiled_react-dom_314dee2e._.js:4146:24)
    at renderWithHooks (http://localhost:3000/_next/static/chunks/0ee1e_next_dist_compiled_react-dom_314dee2e._.js:4097:28)
    at updateFunctionComponent (http://localhost:3000/_next/static/chunks/0ee1e_next_dist_compiled_react-dom_314dee2e._.js:5523:21)
    at beginWork (http://localhost:3000/_next/static/chunks/0ee1e_next_dist_compiled_react-dom_314dee2e._.js:6111:24)
    at runWithFiberInDEV (http://localhost:3000/_next/static/chunks/0ee1e_next_dist_compiled_react-dom_314dee2e._.js:886:74)
    at performUnitOfWork (http://localhost:3000/_next/static/chunks/0ee1e_next_dist_compiled_react-dom_314dee2e._.js:8298:97)
    at workLoopConcurrentByScheduler (http://localhost:3000/_next/static/chunks/0ee1e_next_dist_compiled_react-dom_314dee2e._.js:8294:58)
    at renderRootConcurrent (http://localhost:3000/_next/static/chunks/0ee1e_next_dist_compiled_react-dom_314dee2e._.js:8276:71)
    at performWorkOnRoot (http://localhost:3000/_next/static/chunks/0ee1e_next_dist_compiled_react-dom_314dee2e._.js:7908:176)
    at performWorkOnRootViaSchedulerTask (http://localhost:3000/_next/static/chunks/0ee1e_next_dist_compiled_react-dom_314dee2e._.js:8882:9)
    at MessagePort.performWorkUntilDeadline (http://localhost:3000/_next/static/chunks/0ee1e_next_dist_compiled_3ef354c5._.js:2601:64)
2026-04-04T09:59:07.585Z [console][error] TypeError: Failed to fetch
    at window.fetch (<anonymous>:181:30)
    at l (http://localhost:3000/_next/static/chunks/0ee1e_3d284c20._.js:2031:36)
    at u (http://localhost:3000/_next/static/chunks/0ee1e_3d284c20._.js:2043:91)
    at Object.react_stack_bottom_frame (http://localhost:3000/_next/static/chunks/0ee1e_next_dist_compiled_react-dom_314dee2e._.js:13072:24)
    at renderWithHooks (http://localhost:3000/_next/static/chunks/0ee1e_next_dist_compiled_react-dom_314dee2e._.js:4091:24)
    at updateFunctionComponent (http://localhost:3000/_next/static/chunks/0ee1e_next_dist_compiled_react-dom_314dee2e._.js:5523:21)
    at beginWork (http://localhost:3000/_next/static/chunks/0ee1e_next_dist_compiled_react-dom_314dee2e._.js:6111:24)
    at runWithFiberInDEV (http://localhost:3000/_next/static/chunks/0ee1e_next_dist_compiled_react-dom_314dee2e._.js:886:74)
    at performUnitOfWork (http://localhost:3000/_next/static/chunks/0ee1e_next_dist_compiled_react-dom_314dee2e._.js:8298:97)
    at workLoopConcurrentByScheduler (http://localhost:3000/_next/static/chunks/0ee1e_next_dist_compiled_react-dom_314dee2e._.js:8294:58)
    at renderRootConcurrent (http://localhost:3000/_next/static/chunks/0ee1e_next_dist_compiled_react-dom_314dee2e._.js:8276:71)
    at performWorkOnRoot (http://localhost:3000/_next/static/chunks/0ee1e_next_dist_compiled_react-dom_314dee2e._.js:7908:176)
    at performWorkOnRootViaSchedulerTask (http://localhost:3000/_next/static/chunks/0ee1e_next_dist_compiled_react-dom_314dee2e._.js:8882:9)
    at MessagePort.performWorkUntilDeadline (http://localhost:3000/_next/static/chunks/0ee1e_next_dist_compiled_3ef354c5._.js:2601:64)
2026-04-04T10:01:35.374Z [console][warn] [Fast Refresh] rebuilding
2026-04-04T10:01:35.381Z [console][warn] [Fast Refresh] done in 108ms
2026-04-04T10:01:35.374Z [console][log] [Fast Refresh] rebuilding
2026-04-04T10:01:35.381Z [console][log] [Fast Refresh] done in 108ms
